g:\учеба\visual studio\algorithms and analysis\intersection segments\debug\vc142.pdb
g:\учеба\visual studio\algorithms and analysis\intersection segments\debug\vc142.idb
g:\учеба\visual studio\algorithms and analysis\intersection segments\debug\main.obj
g:\учеба\visual studio\algorithms and analysis\intersection segments\debug\intersection segments.pdb
g:\учеба\visual studio\algorithms and analysis\intersection segments\debug\intersec.3d8483a9.tlog\cl.command.1.tlog
g:\учеба\visual studio\algorithms and analysis\intersection segments\debug\intersec.3d8483a9.tlog\cl.read.1.tlog
g:\учеба\visual studio\algorithms and analysis\intersection segments\debug\intersec.3d8483a9.tlog\cl.write.1.tlog
g:\учеба\visual studio\algorithms and analysis\intersection segments\debug\intersec.3d8483a9.tlog\link-cvtres.read.1.tlog
g:\учеба\visual studio\algorithms and analysis\intersection segments\debug\intersec.3d8483a9.tlog\link-cvtres.write.1.tlog
g:\учеба\visual studio\algorithms and analysis\intersection segments\debug\intersec.3d8483a9.tlog\link-rc.read.1.tlog
g:\учеба\visual studio\algorithms and analysis\intersection segments\debug\intersec.3d8483a9.tlog\link-rc.write.1.tlog
g:\учеба\visual studio\algorithms and analysis\intersection segments\debug\intersec.3d8483a9.tlog\link.5048-cvtres.read.1.tlog
g:\учеба\visual studio\algorithms and analysis\intersection segments\debug\intersec.3d8483a9.tlog\link.5048-cvtres.write.1.tlog
g:\учеба\visual studio\algorithms and analysis\intersection segments\debug\intersec.3d8483a9.tlog\link.5048-rc.read.1.tlog
g:\учеба\visual studio\algorithms and analysis\intersection segments\debug\intersec.3d8483a9.tlog\link.5048-rc.write.1.tlog
g:\учеба\visual studio\algorithms and analysis\intersection segments\debug\intersec.3d8483a9.tlog\link.5048.read.1.tlog
g:\учеба\visual studio\algorithms and analysis\intersection segments\debug\intersec.3d8483a9.tlog\link.5048.write.1.tlog
g:\учеба\visual studio\algorithms and analysis\intersection segments\debug\intersec.3d8483a9.tlog\link.command.1.tlog
g:\учеба\visual studio\algorithms and analysis\intersection segments\debug\intersec.3d8483a9.tlog\link.read.1.tlog
g:\учеба\visual studio\algorithms and analysis\intersection segments\debug\intersec.3d8483a9.tlog\link.write.1.tlog
